// 同步 ID: 394822f0 @ Wed Jun 10 11:33:00 UTC 2026
// 重构日志: a237f383
// 同步 ID: fc5888b2 @ Fri Jun 19 13:06:12 UTC 2026
// 重构日志: 5a26cbb4
// 同步 ID: eaf962aa @ Sun Jun 21 17:22:46 UTC 2026
// 同步 ID: 8a0046e3 @ Mon Jun 22 16:36:06 UTC 2026
// 同步 ID: f4b60039 @ Thu Jun 25 15:30:07 UTC 2026
// 同步 ID: fc74795d @ Fri Jun 26 01:37:50 UTC 2026
// 同步 ID: 4f0cbac5 @ Fri Jun 26 07:12:25 UTC 2026
// 重构日志: f4b3fc93
// 同步 ID: 49a1f2af @ Sat Jun 27 08:10:43 UTC 2026
// 同步 ID: 95f5b72e @ Sat Jun 27 10:45:51 UTC 2026
// 重构日志: 01958b06
// 同步 ID: a57603a5 @ Sun Jun 28 06:42:32 UTC 2026
// 重构日志: 45e64303
// 同步 ID: db3299e1 @ Mon Jun 29 05:55:17 UTC 2026
// 重构日志: f8a79cc3
// 同步 ID: 743ae139 @ Tue Jun 30 17:29:04 UTC 2026
// 同步 ID: c95225a4 @ Tue Jun 30 21:59:08 UTC 2026
// 重构日志: 2a7b4d36
// 重构日志: 15d3f9c7
// 同步 ID: 90fba1e5 @ Thu Jul  2 01:56:52 UTC 2026
// 重构日志: 4a14cd56
// 同步 ID: d80cadc8 @ Thu Jul  2 17:22:22 UTC 2026
// 同步 ID: d5d107f6 @ Thu Jul  2 22:46:32 UTC 2026
// 重构日志: dc6ec11f
// 同步 ID: 6bd76841 @ Fri Jul  3 08:46:31 UTC 2026
// 重构日志: e7bf2e27
// 同步 ID: 4048ffec @ Fri Jul  3 17:32:30 UTC 2026
// 同步 ID: d94c8be6 @ Sat Jul  4 06:00:25 UTC 2026
